<?xml version="1.0" encoding="UTF-8"?>
<testng-results skipped="0" failed="0" ignored="0" total="1" passed="1">
  <reporter-output>
  </reporter-output>
  <suite name="Default suite" duration-ms="133817" started-at="2021-02-24T16:37:25 IST" finished-at="2021-02-24T16:39:39 IST">
    <groups>
    </groups>
    <test name="Default test" duration-ms="133817" started-at="2021-02-24T16:37:25 IST" finished-at="2021-02-24T16:39:39 IST">
      <class name="test.DemoTest">
        <test-method status="PASS" signature="beforeRun()[pri:0, instance:test.DemoTest@710726a3]" name="beforeRun" is-config="true" duration-ms="38141" started-at="2021-02-24T16:37:25 IST" finished-at="2021-02-24T16:38:03 IST">
          <reporter-output>
          </reporter-output>
        </test-method> <!-- beforeRun -->
        <test-method status="PASS" signature="test()[pri:0, instance:test.DemoTest@710726a3]" name="test" duration-ms="91685" started-at="2021-02-24T16:38:03 IST" finished-at="2021-02-24T16:39:35 IST">
          <reporter-output>
          </reporter-output>
        </test-method> <!-- test -->
        <test-method status="PASS" signature="tearDown(org.testng.ITestResult)[pri:0, instance:test.DemoTest@710726a3]" name="tearDown" is-config="true" duration-ms="3897" started-at="2021-02-24T16:39:35 IST" finished-at="2021-02-24T16:39:39 IST">
          <params>
            <param index="0">
              <value>
                <![CDATA[[TestResult name=test status=SUCCESS method=DemoTest.test()[pri:0, instance:test.DemoTest@710726a3] output={null}]]]>
              </value>
            </param>
          </params>
          <reporter-output>
          </reporter-output>
        </test-method> <!-- tearDown -->
      </class> <!-- test.DemoTest -->
    </test> <!-- Default test -->
  </suite> <!-- Default suite -->
</testng-results>
